<?xml version="1.0" encoding="UTF-8"?>
<testsuite name="com.phonebook.tests.HomePageTests" tests="1" skipped="0" failures="0" errors="0" timestamp="2026-03-05T09:51:31.115Z" hostname="LEGIONPRO7I" time="0.012">
  <properties/>
  <testcase name="isHomeComponentPresentTest" classname="com.phonebook.tests.HomePageTests" time="0.012"/>
  <system-out><![CDATA[10:51:31.115 [Test worker] INFO  com.phonebook.core.TestBase -- Start smoky test
]]></system-out>
  <system-err><![CDATA[]]></system-err>
</testsuite>
